c:\workspace\cpp\hm-16.9 - revision\build\vc2015\x64\debug\tlibdecoder\tlibdecoder.pdb
c:\workspace\cpp\hm-16.9 - revision\build\vc2015\x64\debug\tlibdecoder\tlibdecoder.idb
c:\workspace\cpp\hm-16.9 - revision\build\vc2015\x64\debug\tlibdecoder\annexbread.obj
c:\workspace\cpp\hm-16.9 - revision\build\vc2015\x64\debug\tlibdecoder\nalread.obj
c:\workspace\cpp\hm-16.9 - revision\build\vc2015\x64\debug\tlibdecoder\seiread.obj
c:\workspace\cpp\hm-16.9 - revision\build\vc2015\x64\debug\tlibdecoder\syntaxelementparser.obj
c:\workspace\cpp\hm-16.9 - revision\build\vc2015\x64\debug\tlibdecoder\tdecbincodercabac.obj
c:\workspace\cpp\hm-16.9 - revision\build\vc2015\x64\debug\tlibdecoder\tdeccavlc.obj
c:\workspace\cpp\hm-16.9 - revision\build\vc2015\x64\debug\tlibdecoder\tdeccu.obj
c:\workspace\cpp\hm-16.9 - revision\build\vc2015\x64\debug\tlibdecoder\tdecentropy.obj
c:\workspace\cpp\hm-16.9 - revision\build\vc2015\x64\debug\tlibdecoder\tdecgop.obj
c:\workspace\cpp\hm-16.9 - revision\build\vc2015\x64\debug\tlibdecoder\tdecsbac.obj
c:\workspace\cpp\hm-16.9 - revision\build\vc2015\x64\debug\tlibdecoder\tdecslice.obj
c:\workspace\cpp\hm-16.9 - revision\build\vc2015\x64\debug\tlibdecoder\tdectop.obj
c:\workspace\cpp\hm-16.9 - revision\build\vc2015\x64\debug\tlibdecoder\tlibdecoder.lib
c:\workspace\cpp\hm-16.9 - revision\build\\vc2015\x64\debug\tlibdecoder\tlibdecoder.pdb
c:\workspace\cpp\hm-16.9 - revision\build\\vc2015\x64\debug\tlibdecoder\tlibdecoder.lib
c:\workspace\cpp\hm-16.9 - revision\build\vc2015\x64\debug\tlibdecoder\tlibdecoder.tlog\cl.command.1.tlog
c:\workspace\cpp\hm-16.9 - revision\build\vc2015\x64\debug\tlibdecoder\tlibdecoder.tlog\cl.read.1.tlog
c:\workspace\cpp\hm-16.9 - revision\build\vc2015\x64\debug\tlibdecoder\tlibdecoder.tlog\cl.write.1.tlog
c:\workspace\cpp\hm-16.9 - revision\build\vc2015\x64\debug\tlibdecoder\tlibdecoder.tlog\lib-link.read.1.tlog
c:\workspace\cpp\hm-16.9 - revision\build\vc2015\x64\debug\tlibdecoder\tlibdecoder.tlog\lib-link.write.1.tlog
c:\workspace\cpp\hm-16.9 - revision\build\vc2015\x64\debug\tlibdecoder\tlibdecoder.tlog\lib.command.1.tlog
