  WeightPredAnalysis.cpp
  TEncTop.cpp
  TEncSlice.cpp
  TEncSearch.cpp
  TEncSbac.cpp
  TEncSampleAdaptiveOffset.cpp
  TEncRateCtrl.cpp
  TEncPreanalyzer.cpp
  TEncPic.cpp
  TEncGOP.cpp
  TEncEntropy.cpp
  TEncCu.cpp
  TEncCavlc.cpp
  TEncBinCoderCABACCounter.cpp
  TEncBinCoderCABAC.cpp
  SyntaxElementWriter.cpp
  SEIwrite.cpp
  SEIEncoder.cpp
  NALwrite.cpp
  Generating Code...
  TLibEncoder_vc2015.vcxproj -> C:\Workspace\cpp\HM-16.9 - revision\build\\vc2015\Win32\Debug\TLibEncoder\TLibEncoder.lib
