c:\workspace\cpp\hm-16.9 - revision\build\vc2015\win32\debug\tlibdecoderanalyser\tlibdecoderanalyser.pdb
c:\workspace\cpp\hm-16.9 - revision\build\vc2015\win32\debug\tlibdecoderanalyser\tlibdecoderanalyser.idb
c:\workspace\cpp\hm-16.9 - revision\build\vc2015\win32\debug\tlibdecoderanalyser\annexbread.obj
c:\workspace\cpp\hm-16.9 - revision\build\vc2015\win32\debug\tlibdecoderanalyser\nalread.obj
c:\workspace\cpp\hm-16.9 - revision\build\vc2015\win32\debug\tlibdecoderanalyser\seiread.obj
c:\workspace\cpp\hm-16.9 - revision\build\vc2015\win32\debug\tlibdecoderanalyser\syntaxelementparser.obj
c:\workspace\cpp\hm-16.9 - revision\build\vc2015\win32\debug\tlibdecoderanalyser\tdecbincodercabac.obj
c:\workspace\cpp\hm-16.9 - revision\build\vc2015\win32\debug\tlibdecoderanalyser\tdeccavlc.obj
c:\workspace\cpp\hm-16.9 - revision\build\vc2015\win32\debug\tlibdecoderanalyser\tdeccu.obj
c:\workspace\cpp\hm-16.9 - revision\build\vc2015\win32\debug\tlibdecoderanalyser\tdecentropy.obj
c:\workspace\cpp\hm-16.9 - revision\build\vc2015\win32\debug\tlibdecoderanalyser\tdecgop.obj
c:\workspace\cpp\hm-16.9 - revision\build\vc2015\win32\debug\tlibdecoderanalyser\tdecsbac.obj
c:\workspace\cpp\hm-16.9 - revision\build\vc2015\win32\debug\tlibdecoderanalyser\tdecslice.obj
c:\workspace\cpp\hm-16.9 - revision\build\vc2015\win32\debug\tlibdecoderanalyser\tdectop.obj
c:\workspace\cpp\hm-16.9 - revision\build\vc2015\win32\debug\tlibdecoderanalyser\tlibdecoderanalyser.lib
c:\workspace\cpp\hm-16.9 - revision\build\\vc2015\win32\debug\tlibdecoderanalyser\tlibdecoderanalyser.pdb
c:\workspace\cpp\hm-16.9 - revision\build\\vc2015\win32\debug\tlibdecoderanalyser\tlibdecoderanalyser.lib
c:\workspace\cpp\hm-16.9 - revision\build\vc2015\win32\debug\tlibdecoderanalyser\tlibdeco.68c1251a.tlog\cl.command.1.tlog
c:\workspace\cpp\hm-16.9 - revision\build\vc2015\win32\debug\tlibdecoderanalyser\tlibdeco.68c1251a.tlog\cl.read.1.tlog
c:\workspace\cpp\hm-16.9 - revision\build\vc2015\win32\debug\tlibdecoderanalyser\tlibdeco.68c1251a.tlog\cl.write.1.tlog
c:\workspace\cpp\hm-16.9 - revision\build\vc2015\win32\debug\tlibdecoderanalyser\tlibdeco.68c1251a.tlog\lib-link.read.1.tlog
c:\workspace\cpp\hm-16.9 - revision\build\vc2015\win32\debug\tlibdecoderanalyser\tlibdeco.68c1251a.tlog\lib-link.write.1.tlog
c:\workspace\cpp\hm-16.9 - revision\build\vc2015\win32\debug\tlibdecoderanalyser\tlibdeco.68c1251a.tlog\lib.command.1.tlog
